<?xml version="1.0" encoding="UTF-8"?>
<testng-results skipped="0" failed="0" total="1" passed="1">
  <reporter-output>
  </reporter-output>
  <suite name="Default suite" duration-ms="6005" started-at="2019-06-27T10:41:38Z" finished-at="2019-06-27T10:41:44Z">
    <groups>
    </groups>
    <test name="Default test" duration-ms="6005" started-at="2019-06-27T10:41:38Z" finished-at="2019-06-27T10:41:44Z">
      <class name="Test_cases.DriverSetup">
        <test-method status="PASS" signature="beforeSuite()[pri:0, instance:Test_cases.DriverSetup@4157f54e]" name="beforeSuite" is-config="true" duration-ms="3608" started-at="2019-06-27T16:11:38Z" finished-at="2019-06-27T16:11:41Z">
          <reporter-output>
          </reporter-output>
        </test-method> <!-- beforeSuite -->
        <test-method status="PASS" signature="login()[pri:0, instance:Test_cases.DriverSetup@4157f54e]" name="login" duration-ms="2375" started-at="2019-06-27T16:11:41Z" finished-at="2019-06-27T16:11:44Z">
          <reporter-output>
          </reporter-output>
        </test-method> <!-- login -->
        <test-method status="PASS" signature="afterSuite()[pri:0, instance:Test_cases.DriverSetup@4157f54e]" name="afterSuite" is-config="true" duration-ms="1" started-at="2019-06-27T16:11:44Z" finished-at="2019-06-27T16:11:44Z">
          <reporter-output>
          </reporter-output>
        </test-method> <!-- afterSuite -->
      </class> <!-- Test_cases.DriverSetup -->
    </test> <!-- Default test -->
  </suite> <!-- Default suite -->
</testng-results>
