<?xml version="1.0" encoding="UTF-8"?>
<!-- Generated by org.testng.reporters.JUnitXMLReporter -->
<testsuite hostname="axisrooms-Latitude-3460" name="Default test" tests="171" failures="0" timestamp="10 Oct 2019 06:47:43 GMT" time="389.787" errors="0">
  <testcase name="searchHotels" time="2.653" classname="getRequest.HexHotelSearch"/>
  <testcase name="searchHotels" time="1.331" classname="getRequest.HexHotelSearch"/>
  <testcase name="searchHotels" time="4.763" classname="getRequest.HexHotelSearch"/>
  <testcase name="searchHotels" time="0.699" classname="getRequest.HexHotelSearch"/>
  <testcase name="searchHotels" time="0.628" classname="getRequest.HexHotelSearch"/>
  <testcase name="searchHotels" time="0.723" classname="getRequest.HexHotelSearch"/>
  <testcase name="searchHotels" time="0.611" classname="getRequest.HexHotelSearch"/>
  <testcase name="searchHotels" time="0.998" classname="getRequest.HexHotelSearch"/>
  <testcase name="searchHotels" time="0.682" classname="getRequest.HexHotelSearch"/>
  <testcase name="searchHotels" time="0.648" classname="getRequest.HexHotelSearch"/>
  <testcase name="searchHotels" time="0.597" classname="getRequest.HexHotelSearch"/>
  <testcase name="searchHotels" time="1.146" classname="getRequest.HexHotelSearch"/>
  <testcase name="searchHotels" time="0.594" classname="getRequest.HexHotelSearch"/>
  <testcase name="searchHotels" time="0.582" classname="getRequest.HexHotelSearch"/>
  <testcase name="searchHotels" time="0.677" classname="getRequest.HexHotelSearch"/>
  <testcase name="searchHotels" time="0.622" classname="getRequest.HexHotelSearch"/>
  <testcase name="searchHotels" time="26.212" classname="getRequest.HexHotelSearch"/>
  <testcase name="searchHotels" time="0.807" classname="getRequest.HexHotelSearch"/>
  <testcase name="searchHotels" time="0.643" classname="getRequest.HexHotelSearch"/>
  <testcase name="searchHotels" time="0.609" classname="getRequest.HexHotelSearch"/>
  <testcase name="searchHotels" time="0.592" classname="getRequest.HexHotelSearch"/>
  <testcase name="searchHotels" time="0.59" classname="getRequest.HexHotelSearch"/>
  <testcase name="searchHotels" time="0.587" classname="getRequest.HexHotelSearch"/>
  <testcase name="searchHotels" time="0.577" classname="getRequest.HexHotelSearch"/>
  <testcase name="searchHotels" time="0.854" classname="getRequest.HexHotelSearch"/>
  <testcase name="searchHotels" time="2.004" classname="getRequest.HexHotelSearch"/>
  <testcase name="searchHotels" time="1.913" classname="getRequest.HexHotelSearch"/>
  <testcase name="searchHotels" time="0.84" classname="getRequest.HexHotelSearch"/>
  <testcase name="searchHotels" time="0.606" classname="getRequest.HexHotelSearch"/>
  <testcase name="searchHotels" time="0.969" classname="getRequest.HexHotelSearch"/>
  <testcase name="searchHotels" time="3.376" classname="getRequest.HexHotelSearch"/>
  <testcase name="searchHotels" time="17.607" classname="getRequest.HexHotelSearch"/>
  <testcase name="searchHotels" time="0.633" classname="getRequest.HexHotelSearch"/>
  <testcase name="searchHotels" time="4.422" classname="getRequest.HexHotelSearch"/>
  <testcase name="searchHotels" time="0.637" classname="getRequest.HexHotelSearch"/>
  <testcase name="searchHotels" time="0.68" classname="getRequest.HexHotelSearch"/>
  <testcase name="searchHotels" time="0.678" classname="getRequest.HexHotelSearch"/>
  <testcase name="searchHotels" time="1.029" classname="getRequest.HexHotelSearch"/>
  <testcase name="searchHotels" time="0.934" classname="getRequest.HexHotelSearch"/>
  <testcase name="searchHotels" time="2.913" classname="getRequest.HexHotelSearch"/>
  <testcase name="searchHotels" time="21.643" classname="getRequest.HexHotelSearch"/>
  <testcase name="searchHotels" time="0.514" classname="getRequest.HexHotelSearch"/>
  <testcase name="searchHotels" time="0.558" classname="getRequest.HexHotelSearch"/>
  <testcase name="searchHotels" time="0.524" classname="getRequest.HexHotelSearch"/>
  <testcase name="searchHotels" time="0.963" classname="getRequest.HexHotelSearch"/>
  <testcase name="searchHotels" time="0.534" classname="getRequest.HexHotelSearch"/>
  <testcase name="searchHotels" time="1.218" classname="getRequest.HexHotelSearch"/>
  <testcase name="searchHotels" time="0.764" classname="getRequest.HexHotelSearch"/>
  <testcase name="searchHotels" time="0.619" classname="getRequest.HexHotelSearch"/>
  <testcase name="searchHotels" time="2.241" classname="getRequest.HexHotelSearch"/>
  <testcase name="searchHotels" time="6.831" classname="getRequest.HexHotelSearch"/>
  <testcase name="searchHotels" time="0.445" classname="getRequest.HexHotelSearch"/>
  <testcase name="searchHotels" time="0.45" classname="getRequest.HexHotelSearch"/>
  <testcase name="searchHotels" time="0.42" classname="getRequest.HexHotelSearch"/>
  <testcase name="searchHotels" time="13.742" classname="getRequest.HexHotelSearch"/>
  <testcase name="searchHotels" time="1.877" classname="getRequest.HexHotelSearch"/>
  <testcase name="searchHotels" time="0.514" classname="getRequest.HexHotelSearch"/>
  <testcase name="searchHotels" time="0.491" classname="getRequest.HexHotelSearch"/>
  <testcase name="searchHotels" time="0.513" classname="getRequest.HexHotelSearch"/>
  <testcase name="searchHotels" time="57.216" classname="getRequest.HexHotelSearch"/>
  <testcase name="searchHotels" time="0.547" classname="getRequest.HexHotelSearch"/>
  <testcase name="searchHotels" time="0.432" classname="getRequest.HexHotelSearch"/>
  <testcase name="searchHotels" time="0.449" classname="getRequest.HexHotelSearch"/>
  <testcase name="searchHotels" time="0.768" classname="getRequest.HexHotelSearch"/>
  <testcase name="searchHotels" time="12.197" classname="getRequest.HexHotelSearch"/>
  <testcase name="searchHotels" time="2.564" classname="getRequest.HexHotelSearch"/>
  <testcase name="searchHotels" time="0.853" classname="getRequest.HexHotelSearch"/>
  <testcase name="searchHotels" time="0.466" classname="getRequest.HexHotelSearch"/>
  <testcase name="searchHotels" time="3.525" classname="getRequest.HexHotelSearch"/>
  <testcase name="searchHotels" time="0.822" classname="getRequest.HexHotelSearch"/>
  <testcase name="searchHotels" time="1.187" classname="getRequest.HexHotelSearch"/>
  <testcase name="searchHotels" time="0.477" classname="getRequest.HexHotelSearch"/>
  <testcase name="searchHotels" time="1.129" classname="getRequest.HexHotelSearch"/>
  <testcase name="searchHotels" time="0.698" classname="getRequest.HexHotelSearch"/>
  <testcase name="searchHotels" time="0.461" classname="getRequest.HexHotelSearch"/>
  <testcase name="searchHotels" time="0.65" classname="getRequest.HexHotelSearch"/>
  <testcase name="searchHotels" time="0.472" classname="getRequest.HexHotelSearch"/>
  <testcase name="searchHotels" time="0.497" classname="getRequest.HexHotelSearch"/>
  <testcase name="searchHotels" time="0.637" classname="getRequest.HexHotelSearch"/>
  <testcase name="searchHotels" time="1.368" classname="getRequest.HexHotelSearch"/>
  <testcase name="searchHotels" time="0.452" classname="getRequest.HexHotelSearch"/>
  <testcase name="searchHotels" time="0.468" classname="getRequest.HexHotelSearch"/>
  <testcase name="searchHotels" time="0.465" classname="getRequest.HexHotelSearch"/>
  <testcase name="searchHotels" time="0.65" classname="getRequest.HexHotelSearch"/>
  <testcase name="searchHotels" time="0.463" classname="getRequest.HexHotelSearch"/>
  <testcase name="searchHotels" time="0.632" classname="getRequest.HexHotelSearch"/>
  <testcase name="searchHotels" time="1.898" classname="getRequest.HexHotelSearch"/>
  <testcase name="searchHotels" time="0.615" classname="getRequest.HexHotelSearch"/>
  <testcase name="searchHotels" time="0.916" classname="getRequest.HexHotelSearch"/>
  <testcase name="searchHotels" time="7.223" classname="getRequest.HexHotelSearch"/>
  <testcase name="searchHotels" time="0.575" classname="getRequest.HexHotelSearch"/>
  <testcase name="searchHotels" time="0.586" classname="getRequest.HexHotelSearch"/>
  <testcase name="searchHotels" time="0.558" classname="getRequest.HexHotelSearch"/>
  <testcase name="searchHotels" time="0.728" classname="getRequest.HexHotelSearch"/>
  <testcase name="searchHotels" time="1.093" classname="getRequest.HexHotelSearch"/>
  <testcase name="searchHotels" time="13.064" classname="getRequest.HexHotelSearch"/>
  <testcase name="searchHotels" time="4.318" classname="getRequest.HexHotelSearch"/>
  <testcase name="searchHotels" time="1.831" classname="getRequest.HexHotelSearch"/>
  <testcase name="searchHotels" time="1.674" classname="getRequest.HexHotelSearch"/>
  <testcase name="searchHotels" time="3.555" classname="getRequest.HexHotelSearch"/>
  <testcase name="searchHotels" time="2.77" classname="getRequest.HexHotelSearch"/>
  <testcase name="searchHotels" time="5.153" classname="getRequest.HexHotelSearch"/>
  <testcase name="searchHotels" time="2.211" classname="getRequest.HexHotelSearch"/>
  <testcase name="searchHotels" time="0.819" classname="getRequest.HexHotelSearch"/>
  <testcase name="searchHotels" time="0.967" classname="getRequest.HexHotelSearch"/>
  <testcase name="searchHotels" time="0.595" classname="getRequest.HexHotelSearch"/>
  <testcase name="searchHotels" time="10.866" classname="getRequest.HexHotelSearch"/>
  <testcase name="searchHotels" time="0.833" classname="getRequest.HexHotelSearch"/>
  <testcase name="searchHotels" time="0.586" classname="getRequest.HexHotelSearch"/>
  <testcase name="searchHotels" time="1.712" classname="getRequest.HexHotelSearch"/>
  <testcase name="searchHotels" time="4.166" classname="getRequest.HexHotelSearch"/>
  <testcase name="searchHotels" time="1.053" classname="getRequest.HexHotelSearch"/>
  <testcase name="searchHotels" time="0.583" classname="getRequest.HexHotelSearch"/>
  <testcase name="searchHotels" time="0.575" classname="getRequest.HexHotelSearch"/>
  <testcase name="searchHotels" time="1.031" classname="getRequest.HexHotelSearch"/>
  <testcase name="searchHotels" time="3.439" classname="getRequest.HexHotelSearch"/>
  <testcase name="searchHotels" time="0.687" classname="getRequest.HexHotelSearch"/>
  <testcase name="searchHotels" time="4.465" classname="getRequest.HexHotelSearch"/>
  <testcase name="searchHotels" time="0.722" classname="getRequest.HexHotelSearch"/>
  <testcase name="searchHotels" time="0.777" classname="getRequest.HexHotelSearch"/>
  <testcase name="searchHotels" time="0.789" classname="getRequest.HexHotelSearch"/>
  <testcase name="searchHotels" time="1.276" classname="getRequest.HexHotelSearch"/>
  <testcase name="searchHotels" time="5.469" classname="getRequest.HexHotelSearch"/>
  <testcase name="searchHotels" time="0.901" classname="getRequest.HexHotelSearch"/>
  <testcase name="searchHotels" time="8.533" classname="getRequest.HexHotelSearch"/>
  <testcase name="searchHotels" time="0.594" classname="getRequest.HexHotelSearch"/>
  <testcase name="searchHotels" time="0.64" classname="getRequest.HexHotelSearch"/>
  <testcase name="searchHotels" time="1.956" classname="getRequest.HexHotelSearch"/>
  <testcase name="searchHotels" time="1.496" classname="getRequest.HexHotelSearch"/>
  <testcase name="searchHotels" time="1.734" classname="getRequest.HexHotelSearch"/>
  <testcase name="searchHotels" time="0.544" classname="getRequest.HexHotelSearch"/>
  <testcase name="searchHotels" time="0.541" classname="getRequest.HexHotelSearch"/>
  <testcase name="searchHotels" time="1.105" classname="getRequest.HexHotelSearch"/>
  <testcase name="searchHotels" time="0.597" classname="getRequest.HexHotelSearch"/>
  <testcase name="searchHotels" time="0.572" classname="getRequest.HexHotelSearch"/>
  <testcase name="searchHotels" time="0.561" classname="getRequest.HexHotelSearch"/>
  <testcase name="searchHotels" time="0.578" classname="getRequest.HexHotelSearch"/>
  <testcase name="searchHotels" time="0.669" classname="getRequest.HexHotelSearch"/>
  <testcase name="searchHotels" time="0.619" classname="getRequest.HexHotelSearch"/>
  <testcase name="searchHotels" time="1.321" classname="getRequest.HexHotelSearch"/>
  <testcase name="searchHotels" time="0.807" classname="getRequest.HexHotelSearch"/>
  <testcase name="searchHotels" time="0.569" classname="getRequest.HexHotelSearch"/>
  <testcase name="searchHotels" time="0.593" classname="getRequest.HexHotelSearch"/>
  <testcase name="searchHotels" time="0.666" classname="getRequest.HexHotelSearch"/>
  <testcase name="searchHotels" time="2.873" classname="getRequest.HexHotelSearch"/>
  <testcase name="searchHotels" time="0.561" classname="getRequest.HexHotelSearch"/>
  <testcase name="searchHotels" time="0.578" classname="getRequest.HexHotelSearch"/>
  <testcase name="searchHotels" time="1.026" classname="getRequest.HexHotelSearch"/>
  <testcase name="searchHotels" time="0.884" classname="getRequest.HexHotelSearch"/>
  <testcase name="searchHotels" time="0.579" classname="getRequest.HexHotelSearch"/>
  <testcase name="searchHotels" time="0.664" classname="getRequest.HexHotelSearch"/>
  <testcase name="searchHotels" time="0.569" classname="getRequest.HexHotelSearch"/>
  <testcase name="searchHotels" time="0.586" classname="getRequest.HexHotelSearch"/>
  <testcase name="searchHotels" time="0.574" classname="getRequest.HexHotelSearch"/>
  <testcase name="searchHotels" time="0.627" classname="getRequest.HexHotelSearch"/>
  <testcase name="searchHotels" time="1.998" classname="getRequest.HexHotelSearch"/>
  <testcase name="searchHotels" time="1.223" classname="getRequest.HexHotelSearch"/>
  <testcase name="searchHotels" time="0.609" classname="getRequest.HexHotelSearch"/>
  <testcase name="searchHotels" time="0.583" classname="getRequest.HexHotelSearch"/>
  <testcase name="searchHotels" time="0.585" classname="getRequest.HexHotelSearch"/>
  <testcase name="searchHotels" time="2.002" classname="getRequest.HexHotelSearch"/>
  <testcase name="searchHotels" time="0.564" classname="getRequest.HexHotelSearch"/>
  <testcase name="searchHotels" time="15.642" classname="getRequest.HexHotelSearch"/>
  <testcase name="searchHotels" time="0.716" classname="getRequest.HexHotelSearch"/>
  <testcase name="searchHotels" time="0.595" classname="getRequest.HexHotelSearch"/>
  <testcase name="searchHotels" time="1.466" classname="getRequest.HexHotelSearch"/>
  <testcase name="searchHotels" time="0.966" classname="getRequest.HexHotelSearch"/>
  <testcase name="searchHotels" time="1.437" classname="getRequest.HexHotelSearch"/>
  <testcase name="searchHotels" time="0.603" classname="getRequest.HexHotelSearch"/>
  <testcase name="searchHotels" time="1.056" classname="getRequest.HexHotelSearch"/>
  <testcase name="writeIntoExcel" time="0.005" classname="getRequest.HexHotelSearch"/>
</testsuite> <!-- Default test -->
